Arguments: 
  /usr/local/bin/node /usr/local/bin/yarn install

PATH: 
  /usr/local/bin:/usr/bin:/bin:/usr/sbin:/sbin:/Library/Apple/usr/bin:/Library/Frameworks/Mono.framework/Versions/Current/Commands

Yarn version: 
  1.22.11

Node version: 
  14.17.3

Platform: 
  darwin x64

Trace: 
  Error: https://registry.yarnpkg.com/@react-native-community%2f: Request "https://registry.yarnpkg.com/@react-native-community%2f" returned a 405
      at Request.params.callback [as _callback] (/usr/local/lib/node_modules/yarn/lib/cli.js:67001:18)
      at Request.self.callback (/usr/local/lib/node_modules/yarn/lib/cli.js:140763:22)
      at Request.emit (events.js:375:28)
      at Request.<anonymous> (/usr/local/lib/node_modules/yarn/lib/cli.js:141735:10)
      at Request.emit (events.js:375:28)
      at IncomingMessage.<anonymous> (/usr/local/lib/node_modules/yarn/lib/cli.js:141657:12)
      at Object.onceWrapper (events.js:481:28)
      at IncomingMessage.emit (events.js:387:35)
      at endReadableNT (internal/streams/readable.js:1317:12)
      at processTicksAndRejections (internal/process/task_queues.js:82:21)

npm manifest: 
  {
    "name": "cryptomania",
    "main": "node_modules/expo/AppEntry.js",
    "scripts": {
      "start": "expo start",
      "android": "expo start --android",
      "ios": "expo start --ios",
      "web": "expo start --web",
      "eject": "expo eject"
    },
    "dependencies": {
      "@expo-google-fonts/balsamiq-sans": "^0.2.0",
      "@expo-google-fonts/work-sans": "^0.2.0",
      "@react-native-community/": "^3.6.0",
      "@react-native-community/datetimepicker": "^3.5.2",
      "@react-native-community/netinfo": "^6.0.2",
      "@react-native-picker/picker": "^2.1.0",
      "@react-navigation/native": "^6.0.2",
      "@react-navigation/native-stack": "^6.1.0",
      "expo": "^42.0.4",
      "expo-app-loading": "^1.1.2",
      "expo-document-picker": "~9.2.4",
      "expo-file-system": "~11.1.3",
      "expo-font": "~9.2.1",
      "expo-status-bar": "~1.0.4",
      "papaparse": "^5.3.1",
      "react": "16.13.1",
      "react-dom": "16.13.1",
      "react-native": "https://github.com/expo/react-native/archive/sdk-42.0.0.tar.gz",
      "react-native-gesture-handler": "^1.10.3",
      "react-native-reanimated": "^2.2.2",
      "react-native-safe-area-context": "3.2.0",
      "react-native-screens": "~3.4.0",
      "react-native-ui-lib": "^6.0.0",
      "react-native-web": "~0.13.12",
      "react-redux": "^7.2.5",
      "redux": "^4.1.1",
      "redux-thunk": "^2.3.0"
    },
    "devDependencies": {
      "@babel/core": "^7.9.0",
      "@types/papaparse": "^5.2.6",
      "@types/react": "~16.9.35",
      "@types/react-native": "~0.63.2",
      "babel-plugin-module-resolver": "^4.1.0",
      "typescript": "~4.0.0"
    },
    "private": true,
    "version": "1.0.0",
    "author": "Faaiz Hadaina <faaiz.hadaina@gmail.com>",
    "license": "MIT"
  }

yarn manifest: 
  No manifest

Lockfile: 
  No lockfile
